Determining if the function signaltest exists failed with the following output:
Change Dir: /home/rock/git/SmartTradePlatform/build/CMakeFiles/CMakeTmp

Run Build Command:"/usr/bin/gmake" "cmTryCompileExec2585683502/fast"
/usr/bin/gmake -f CMakeFiles/cmTryCompileExec2585683502.dir/build.make CMakeFiles/cmTryCompileExec2585683502.dir/build
gmake[1]: Entering directory '/home/rock/git/SmartTradePlatform/build/CMakeFiles/CMakeTmp'
/usr/bin/cmake -E cmake_progress_report /home/rock/git/SmartTradePlatform/build/CMakeFiles/CMakeTmp/CMakeFiles 1
Building C object CMakeFiles/cmTryCompileExec2585683502.dir/CheckFunctionExists.c.o
/usr/bin/cc   -DCHECK_FUNCTION_EXISTS=signaltest   -o CMakeFiles/cmTryCompileExec2585683502.dir/CheckFunctionExists.c.o   -c /usr/share/cmake/Modules/CheckFunctionExists.c
Linking C executable cmTryCompileExec2585683502
/usr/bin/cmake -E cmake_link_script CMakeFiles/cmTryCompileExec2585683502.dir/link.txt --verbose=1
/usr/bin/cc   -DCHECK_FUNCTION_EXISTS=signaltest    CMakeFiles/cmTryCompileExec2585683502.dir/CheckFunctionExists.c.o  -o cmTryCompileExec2585683502 -rdynamic 
CMakeFiles/cmTryCompileExec2585683502.dir/CheckFunctionExists.c.o: In function `main':
CheckFunctionExists.c:(.text+0x15): undefined reference to `signaltest'
collect2: error: ld returned 1 exit status
CMakeFiles/cmTryCompileExec2585683502.dir/build.make:88: recipe for target 'cmTryCompileExec2585683502' failed
gmake[1]: Leaving directory '/home/rock/git/SmartTradePlatform/build/CMakeFiles/CMakeTmp'
Makefile:118: recipe for target 'cmTryCompileExec2585683502/fast' failed
gmake[1]: *** [cmTryCompileExec2585683502] Error 1
gmake: *** [cmTryCompileExec2585683502/fast] Error 2


